starting reconstruction on 2016-03-21
PREV tbb_no_threads = -1
NEW tbb_no_threads = 16
Reconstructed volume name ... 3TStackReconstruction.nii.gz
Number of stacks ... 4
Reading stack ... data/masked_stack-1.nii.gz
Reading stack ... data/masked_stack-2.nii.gz
Reading stack ... data/masked_stack-3.nii.gz
Reading stack ... data/masked_stack-4.nii.gz
Slice thickness is 2.52778 2.53125 2.53165 2.53165 .
Constructing volume with isotropic voxel size 2
StackRegistrations start

reconstruction.CreateAverage

Number of slices: 248
Masking slices ... done.
_sigma_bias = 12
_global_bias_correction = false 
*************** packages.size() 0
######## WAITING FOR BM ############
NodeAllocator::Init() DefaultCpus=2 DefaultNumaNodes=2 DefaultRam=2
Node Allocator bound to 10.1.6.1:60724
EbbId: 65536
Fdt written to /tmp/47b4-3cf4-a29a-bccc
executing /opt/khpy/kh alloc --ram 8 --cpu 2 --numa 2 -g 6 /tmp/ebbrt-contrib/fetalReconstruction/source/bin/./../../ext/irtk-serialize/hosted/build/Release/bm/AppMain.elf32 /tmp/47b4-3cf4-a29a-bccc
128
gdb: 4018
02:00:00:04:00:80
tap: kh_128
/opt/khdb/Networks/6/128/stdout
/opt/khdb/Networks/6/128/stderr
/opt/khdb/Networks/6/128/finish
/opt/khdb/Networks/6/128/cmd

128
dir: /opt/khdb/Networks/6
10.1.6.143
all nodes initialized
_slices.size() 248
_transformations.size() 248
Before serialize
start = 0 end = 248
Sending to .. 10.1.6.143 size: 64996296
EbbRTReconstruction length of sent iobuf: 64996297 bytes
Saving context 
Received ip: 10.1.6.143
Parsing it back, received: 969548 bytes
Received back 
EbbRTReconstruction done 
checksum _reconstructed = 44669540.000000
total time: 177.007189 seconds
OUTPUT FROM NODES: 
EbbRT Copyright 2013-2015 Boston University SESA Developers
e820::map:
000000000000000000-0x000000000009fbff usable
0x000000000009fc00-0x000000000009ffff reserved
0x00000000000f0000-0x00000000000fffff reserved
0x0000000000100000-0x00000000bffdffff usable
0x00000000bffe0000-0x00000000bfffffff reserved
0x00000000feffc000-0x00000000feffffff reserved
0x00000000fffc0000-0x00000000ffffffff reserved
0x0000000100000000-0x000000023fffffff usable
Early Page Allocator Reserve 0x0000000000009500-0x000000000000955f
Early Page Allocator Reserve 0x0000000000928029-0x0000000000928089
Early Page Allocator Reserve 0x0000000000928000-0x000000000092800f
Early Page Allocator Reserve 0x0000000000929000-0x00000000009290be
Early Page Allocator Reserve 0x0000000000928010-0x0000000000928028
Fdt located
Early Page Allocator Free 0x000000000092a000-0x000000003fffffff
Early Page Allocator Free 0x0000000040000000-0x00000000bffdffff
Early Page Allocator Free 0x0000000100000000-0x000000023fffffff
ACPI: RSDP 0xf6250 000014 (v00 BOCHS )
ACPI: RSDT 0xbffe17ed 000038 (v01 BOCHS  BXPCRSDT 00000001 BXPC 00000001)
ACPI: FACP 0xbffe0bda 000074 (v01 BOCHS  BXPCFACP 00000001 BXPC 00000001)
ACPI: DSDT 0xbffe0040 000B9A (v01 BOCHS  BXPCDSDT 00000001 BXPC 00000001)
ACPI: FACS 0xbffe0000 000040
ACPI: SSDT 0xbffe0c4e 0009F7 (v01 BOCHS  BXPCSSDT 00000001 BXPC 00000001)
ACPI: APIC 0xbffe1645 000080 (v01 BOCHS  BXPCAPIC 00000001 BXPC 00000001)
ACPI: HPET 0xbffe16c5 000038 (v01 BOCHS  BXPCHPET 00000001 BXPC 00000001)
ACPI: SRAT 0xbffe16fd 0000F0 (v01 BOCHS  BXPCSRAT 00000001 BXPC 00000001)
Local APIC: ACPI ID: 0 APIC ID: 0
Local APIC: ACPI ID: 1 APIC ID: 1
IO APIC: ID: 0
Interrupt Override: 0 -> 2
Interrupt Override: 5 -> 5
Interrupt Override: 9 -> 9
Interrupt Override: 10 -> 10
Interrupt Override: 11 -> 11
NMI on all processors: LINT1
SRAT CPU affinity: 0 -> 0
SRAT CPU affinity: 1 -> 1
SRAT Memory affinity: 000000000000000000-0x000000000009ffff -> 0
SRAT Memory affinity: 0x0000000000100000-0x00000000bfffffff -> 0
SRAT Memory affinity: 0x0000000100000000-0x000000013fffffff -> 0
SRAT Memory affinity: 0x0000000140000000-0x000000023fffffff -> 1
Early Page Allocator NUMA mapping 0x000000000092a000-0x000000003fff3fff -> 0
Early Page Allocator NUMA mapping 0x0000000040000000-0x00000000bffdffff -> 0
Early Page Allocator NUMA mapping 0x0000000100000000-0x000000013fffffff -> 0
Early Page Allocator NUMA mapping 0x0000000140000000-0x000000023fffffff -> 1
Allocated fffffffeff800000 - fffffffeffffffff
3d5c0000
Core 1 online
Allocated fffffffeff000000 - fffffffeff7fffff
PCI: 0:1:1 - BAR4 0x000000000000c040 - 0x000000000000c050
PCI: 0:2:0 - BAR0 0x00000000fd000000 - 0x00000000fe000000
PCI: 0:2:0 - BAR2 0x00000000febd0000 - 0x00000000febd1000
PCI: 0:3:0 - BAR0 0x000000000000c000 - 0x000000000000c040
PCI: 0:3:0 - BAR1 0x00000000febd1000 - 0x00000000febd2000
0:3:0
MSIX - 6 entries at BAR1:0
Allocated fffffffefefff000 - fffffffefeffffff
Device features: 79ffffe7
VRING: bffde000
Negotiated 2 queue pairs
VRING: 3d5c8000
VRING: 3d5cc000
VRING: 3d414000
VRING: 3d418000
Mac Address: 02:00:00:04:00:80
Dhcp Complete: 10.1.6.143
Allocated fffffffefe7ff000 - fffffffefeffefff
Allocating Global EbbIds from 20000 - 2ffff
a010601:48469
System initialization complete
Allocated fffffffefa000000 - fffffffefa7fffff
Allocated fffffffef9800000 - fffffffef9ffffff
******************ReceiveMessage: Mon Mar 21 19:50:38 2016
 ***********
Received msg length: 64996297 bytes
Number chain elements: 1
Computed chain length: 64996297 bytes
get buffer compute chain data length time: 0.000016 seconds
deserialize time: 3.646869 seconds
compute time: 146.585601 seconds
ts length: 969547
Sending 969548 bytes
UNIMPLEMENTED: Free Large memory region
UNIMPLEMENTED: Free Large memory region
Node Allocator destructor! 
executing /opt/khpy/kh rmnet 6
Network 6 removed
starting reconstruction on 2016-03-21
PREV tbb_no_threads = -1
NEW tbb_no_threads = 16
Reconstructed volume name ... 3TStackReconstruction.nii.gz
Number of stacks ... 4
Reading stack ... data/masked_stack-1.nii.gz
Reading stack ... data/masked_stack-2.nii.gz
Reading stack ... data/masked_stack-3.nii.gz
Reading stack ... data/masked_stack-4.nii.gz
Slice thickness is 2.52778 2.53125 2.53165 2.53165 .
Constructing volume with isotropic voxel size 2
StackRegistrations start

reconstruction.CreateAverage

Number of slices: 248
Masking slices ... done.
_sigma_bias = 12
_global_bias_correction = false 
*************** packages.size() 0
######## WAITING FOR BM ############
NodeAllocator::Init() DefaultCpus=2 DefaultNumaNodes=2 DefaultRam=2
Node Allocator bound to 10.1.7.1:35269
EbbId: 65536
Fdt written to /tmp/2457-b642-d1bf-232a
executing /opt/khpy/kh alloc --ram 8 --cpu 2 --numa 2 -g 7 /tmp/ebbrt-contrib/fetalReconstruction/source/bin/./../../ext/irtk-serialize/hosted/build/Release/bm/AppMain.elf32 /tmp/2457-b642-d1bf-232a
128
gdb: 4018
02:00:00:04:00:80
tap: kh_128
/opt/khdb/Networks/7/128/stdout
/opt/khdb/Networks/7/128/stderr
/opt/khdb/Networks/7/128/finish
/opt/khdb/Networks/7/128/cmd

128
dir: /opt/khdb/Networks/7
10.1.7.143
all nodes initialized
_slices.size() 248
_transformations.size() 248
Before serialize
start = 0 end = 248
Sending to .. 10.1.7.143 size: 64996296
EbbRTReconstruction length of sent iobuf: 64996297 bytes
Saving context 
Received ip: 10.1.7.143
Parsing it back, received: 969548 bytes
Received back 
EbbRTReconstruction done 
checksum _reconstructed = 44669540.000000
total time: 158.947090 seconds
OUTPUT FROM NODES: 
EbbRT Copyright 2013-2015 Boston University SESA Developers
e820::map:
000000000000000000-0x000000000009fbff usable
0x000000000009fc00-0x000000000009ffff reserved
0x00000000000f0000-0x00000000000fffff reserved
0x0000000000100000-0x00000000bffdffff usable
0x00000000bffe0000-0x00000000bfffffff reserved
0x00000000feffc000-0x00000000feffffff reserved
0x00000000fffc0000-0x00000000ffffffff reserved
0x0000000100000000-0x000000023fffffff usable
Early Page Allocator Reserve 0x0000000000009500-0x000000000000955f
Early Page Allocator Reserve 0x0000000000928029-0x0000000000928089
Early Page Allocator Reserve 0x0000000000928000-0x000000000092800f
Early Page Allocator Reserve 0x0000000000929000-0x00000000009290be
Early Page Allocator Reserve 0x0000000000928010-0x0000000000928028
Fdt located
Early Page Allocator Free 0x000000000092a000-0x000000003fffffff
Early Page Allocator Free 0x0000000040000000-0x00000000bffdffff
Early Page Allocator Free 0x0000000100000000-0x000000023fffffff
ACPI: RSDP 0xf6250 000014 (v00 BOCHS )
ACPI: RSDT 0xbffe17ed 000038 (v01 BOCHS  BXPCRSDT 00000001 BXPC 00000001)
ACPI: FACP 0xbffe0bda 000074 (v01 BOCHS  BXPCFACP 00000001 BXPC 00000001)
ACPI: DSDT 0xbffe0040 000B9A (v01 BOCHS  BXPCDSDT 00000001 BXPC 00000001)
ACPI: FACS 0xbffe0000 000040
ACPI: SSDT 0xbffe0c4e 0009F7 (v01 BOCHS  BXPCSSDT 00000001 BXPC 00000001)
ACPI: APIC 0xbffe1645 000080 (v01 BOCHS  BXPCAPIC 00000001 BXPC 00000001)
ACPI: HPET 0xbffe16c5 000038 (v01 BOCHS  BXPCHPET 00000001 BXPC 00000001)
ACPI: SRAT 0xbffe16fd 0000F0 (v01 BOCHS  BXPCSRAT 00000001 BXPC 00000001)
Local APIC: ACPI ID: 0 APIC ID: 0
Local APIC: ACPI ID: 1 APIC ID: 1
IO APIC: ID: 0
Interrupt Override: 0 -> 2
Interrupt Override: 5 -> 5
Interrupt Override: 9 -> 9
Interrupt Override: 10 -> 10
Interrupt Override: 11 -> 11
NMI on all processors: LINT1
SRAT CPU affinity: 0 -> 0
SRAT CPU affinity: 1 -> 1
SRAT Memory affinity: 000000000000000000-0x000000000009ffff -> 0
SRAT Memory affinity: 0x0000000000100000-0x00000000bfffffff -> 0
SRAT Memory affinity: 0x0000000100000000-0x000000013fffffff -> 0
SRAT Memory affinity: 0x0000000140000000-0x000000023fffffff -> 1
Early Page Allocator NUMA mapping 0x000000000092a000-0x000000003fff3fff -> 0
Early Page Allocator NUMA mapping 0x0000000040000000-0x00000000bffdffff -> 0
Early Page Allocator NUMA mapping 0x0000000100000000-0x000000013fffffff -> 0
Early Page Allocator NUMA mapping 0x0000000140000000-0x000000023fffffff -> 1
Allocated fffffffeff800000 - fffffffeffffffff
3d5c0000
Core 1 online
Allocated fffffffeff000000 - fffffffeff7fffff
PCI: 0:1:1 - BAR4 0x000000000000c040 - 0x000000000000c050
PCI: 0:2:0 - BAR0 0x00000000fd000000 - 0x00000000fe000000
PCI: 0:2:0 - BAR2 0x00000000febd0000 - 0x00000000febd1000
PCI: 0:3:0 - BAR0 0x000000000000c000 - 0x000000000000c040
PCI: 0:3:0 - BAR1 0x00000000febd1000 - 0x00000000febd2000
0:3:0
MSIX - 6 entries at BAR1:0
Allocated fffffffefefff000 - fffffffefeffffff
Device features: 79ffffe7
VRING: bffde000
Negotiated 2 queue pairs
VRING: 3d5c8000
VRING: 3d5cc000
VRING: 3d414000
VRING: 3d418000
Mac Address: 02:00:00:04:00:80
Dhcp Complete: 10.1.7.143
Allocated fffffffefe7ff000 - fffffffefeffefff
Allocating Global EbbIds from 20000 - 2ffff
a010701:57236
System initialization complete
Allocated fffffffefa000000 - fffffffefa7fffff
******************ReceiveMessage: Mon Mar 21 19:53:36 2016
 ***********
Received msg length: 64996297 bytes
Number chain elements: 1
Computed chain length: 64996297 bytes
get buffer compute chain data length time: 0.000021 seconds
deserialize time: 3.205930 seconds
compute time: 128.952416 seconds
ts length: 969547
Sending 969548 bytes
UNIMPLEMENTED: Free Large memory region
UNIMPLEMENTED: Free Large memory region
Node Allocator destructor! 
executing /opt/khpy/kh rmnet 7
Network 7 removed
starting reconstruction on 2016-03-21
PREV tbb_no_threads = -1
NEW tbb_no_threads = 16
Reconstructed volume name ... 3TStackReconstruction.nii.gz
Number of stacks ... 4
Reading stack ... data/masked_stack-1.nii.gz
Reading stack ... data/masked_stack-2.nii.gz
Reading stack ... data/masked_stack-3.nii.gz
Reading stack ... data/masked_stack-4.nii.gz
Slice thickness is 2.52778 2.53125 2.53165 2.53165 .
Constructing volume with isotropic voxel size 2
StackRegistrations start

reconstruction.CreateAverage

Number of slices: 248
Masking slices ... done.
_sigma_bias = 12
_global_bias_correction = false 
*************** packages.size() 0
######## WAITING FOR BM ############
NodeAllocator::Init() DefaultCpus=2 DefaultNumaNodes=2 DefaultRam=2
Node Allocator bound to 10.1.8.1:37045
EbbId: 65536
Fdt written to /tmp/2cd7-ad97-014f-e714
executing /opt/khpy/kh alloc --ram 8 --cpu 2 --numa 2 -g 8 /tmp/ebbrt-contrib/fetalReconstruction/source/bin/./../../ext/irtk-serialize/hosted/build/Release/bm/AppMain.elf32 /tmp/2cd7-ad97-014f-e714
128
gdb: 4018
02:00:00:04:00:80
tap: kh_128
/opt/khdb/Networks/8/128/stdout
/opt/khdb/Networks/8/128/stderr
/opt/khdb/Networks/8/128/finish
/opt/khdb/Networks/8/128/cmd

128
dir: /opt/khdb/Networks/8
10.1.8.143
all nodes initialized
_slices.size() 248
_transformations.size() 248
Before serialize
start = 0 end = 248
Sending to .. 10.1.8.143 size: 64996296
EbbRTReconstruction length of sent iobuf: 64996297 bytes
Saving context 
Received ip: 10.1.8.143
Parsing it back, received: 969548 bytes
Received back 
EbbRTReconstruction done 
checksum _reconstructed = 44669540.000000
total time: 154.392857 seconds
OUTPUT FROM NODES: 
EbbRT Copyright 2013-2015 Boston University SESA Developers
e820::map:
000000000000000000-0x000000000009fbff usable
0x000000000009fc00-0x000000000009ffff reserved
0x00000000000f0000-0x00000000000fffff reserved
0x0000000000100000-0x00000000bffdffff usable
0x00000000bffe0000-0x00000000bfffffff reserved
0x00000000feffc000-0x00000000feffffff reserved
0x00000000fffc0000-0x00000000ffffffff reserved
0x0000000100000000-0x000000023fffffff usable
Early Page Allocator Reserve 0x0000000000009500-0x000000000000955f
Early Page Allocator Reserve 0x0000000000928029-0x0000000000928089
Early Page Allocator Reserve 0x0000000000928000-0x000000000092800f
Early Page Allocator Reserve 0x0000000000929000-0x00000000009290be
Early Page Allocator Reserve 0x0000000000928010-0x0000000000928028
Fdt located
Early Page Allocator Free 0x000000000092a000-0x000000003fffffff
Early Page Allocator Free 0x0000000040000000-0x00000000bffdffff
Early Page Allocator Free 0x0000000100000000-0x000000023fffffff
ACPI: RSDP 0xf6250 000014 (v00 BOCHS )
ACPI: RSDT 0xbffe17ed 000038 (v01 BOCHS  BXPCRSDT 00000001 BXPC 00000001)
ACPI: FACP 0xbffe0bda 000074 (v01 BOCHS  BXPCFACP 00000001 BXPC 00000001)
ACPI: DSDT 0xbffe0040 000B9A (v01 BOCHS  BXPCDSDT 00000001 BXPC 00000001)
ACPI: FACS 0xbffe0000 000040
ACPI: SSDT 0xbffe0c4e 0009F7 (v01 BOCHS  BXPCSSDT 00000001 BXPC 00000001)
ACPI: APIC 0xbffe1645 000080 (v01 BOCHS  BXPCAPIC 00000001 BXPC 00000001)
ACPI: HPET 0xbffe16c5 000038 (v01 BOCHS  BXPCHPET 00000001 BXPC 00000001)
ACPI: SRAT 0xbffe16fd 0000F0 (v01 BOCHS  BXPCSRAT 00000001 BXPC 00000001)
Local APIC: ACPI ID: 0 APIC ID: 0
Local APIC: ACPI ID: 1 APIC ID: 1
IO APIC: ID: 0
Interrupt Override: 0 -> 2
Interrupt Override: 5 -> 5
Interrupt Override: 9 -> 9
Interrupt Override: 10 -> 10
Interrupt Override: 11 -> 11
NMI on all processors: LINT1
SRAT CPU affinity: 0 -> 0
SRAT CPU affinity: 1 -> 1
SRAT Memory affinity: 000000000000000000-0x000000000009ffff -> 0
SRAT Memory affinity: 0x0000000000100000-0x00000000bfffffff -> 0
SRAT Memory affinity: 0x0000000100000000-0x000000013fffffff -> 0
SRAT Memory affinity: 0x0000000140000000-0x000000023fffffff -> 1
Early Page Allocator NUMA mapping 0x000000000092a000-0x000000003fff3fff -> 0
Early Page Allocator NUMA mapping 0x0000000040000000-0x00000000bffdffff -> 0
Early Page Allocator NUMA mapping 0x0000000100000000-0x000000013fffffff -> 0
Early Page Allocator NUMA mapping 0x0000000140000000-0x000000023fffffff -> 1
Allocated fffffffeff800000 - fffffffeffffffff
3d5c0000
Core 1 online
Allocated fffffffeff000000 - fffffffeff7fffff
PCI: 0:1:1 - BAR4 0x000000000000c040 - 0x000000000000c050
PCI: 0:2:0 - BAR0 0x00000000fd000000 - 0x00000000fe000000
PCI: 0:2:0 - BAR2 0x00000000febd0000 - 0x00000000febd1000
PCI: 0:3:0 - BAR0 0x000000000000c000 - 0x000000000000c040
PCI: 0:3:0 - BAR1 0x00000000febd1000 - 0x00000000febd2000
0:3:0
MSIX - 6 entries at BAR1:0
Allocated fffffffefefff000 - fffffffefeffffff
Device features: 79ffffe7
VRING: bffde000
Negotiated 2 queue pairs
VRING: 3d5c8000
VRING: 3d5cc000
VRING: 3d414000
VRING: 3d418000
Mac Address: 02:00:00:04:00:80
Dhcp Complete: 10.1.8.143
Allocated fffffffefe7ff000 - fffffffefeffefff
Allocating Global EbbIds from 20000 - 2ffff
a010801:50073
System initialization complete
Allocated fffffffefdfff000 - fffffffefe7fefff
******************ReceiveMessage: Mon Mar 21 19:56:16 2016
 ***********
Received msg length: 14576 bytes
Number chain elements: 4822
Computed chain length: 64996297 bytes
get buffer compute chain data length time: 0.060579 seconds
deserialize time: 3.132853 seconds
compute time: 124.465050 seconds
ts length: 969547
Sending 969548 bytes
UNIMPLEMENTED: Free Large memory region
Node Allocator destructor! 
executing /opt/khpy/kh rmnet 8
Network 8 removed
starting reconstruction on 2016-03-21
PREV tbb_no_threads = -1
NEW tbb_no_threads = 16
Reconstructed volume name ... 3TStackReconstruction.nii.gz
Number of stacks ... 4
Reading stack ... data/masked_stack-1.nii.gz
Reading stack ... data/masked_stack-2.nii.gz
Reading stack ... data/masked_stack-3.nii.gz
Reading stack ... data/masked_stack-4.nii.gz
Slice thickness is 2.52778 2.53125 2.53165 2.53165 .
Constructing volume with isotropic voxel size 2
StackRegistrations start

reconstruction.CreateAverage

Number of slices: 248
Masking slices ... done.
_sigma_bias = 12
_global_bias_correction = false 
*************** packages.size() 0
######## WAITING FOR BM ############
NodeAllocator::Init() DefaultCpus=2 DefaultNumaNodes=2 DefaultRam=2
Node Allocator bound to 10.1.9.1:37136
EbbId: 65536
Fdt written to /tmp/e498-1742-4a03-96b5
executing /opt/khpy/kh alloc --ram 8 --cpu 2 --numa 2 -g 9 /tmp/ebbrt-contrib/fetalReconstruction/source/bin/./../../ext/irtk-serialize/hosted/build/Release/bm/AppMain.elf32 /tmp/e498-1742-4a03-96b5
128
gdb: 4018
02:00:00:04:00:80
tap: kh_128
/opt/khdb/Networks/9/128/stdout
/opt/khdb/Networks/9/128/stderr
/opt/khdb/Networks/9/128/finish
/opt/khdb/Networks/9/128/cmd

128
dir: /opt/khdb/Networks/9
10.1.9.143
all nodes initialized
_slices.size() 248
_transformations.size() 248
Before serialize
start = 0 end = 248
Sending to .. 10.1.9.143 size: 64996296
EbbRTReconstruction length of sent iobuf: 64996297 bytes
Saving context 
Received ip: 10.1.9.143
Parsing it back, received: 969548 bytes
Received back 
EbbRTReconstruction done 
checksum _reconstructed = 44669540.000000
total time: 159.648805 seconds
OUTPUT FROM NODES: 
EbbRT Copyright 2013-2015 Boston University SESA Developers
e820::map:
000000000000000000-0x000000000009fbff usable
0x000000000009fc00-0x000000000009ffff reserved
0x00000000000f0000-0x00000000000fffff reserved
0x0000000000100000-0x00000000bffdffff usable
0x00000000bffe0000-0x00000000bfffffff reserved
0x00000000feffc000-0x00000000feffffff reserved
0x00000000fffc0000-0x00000000ffffffff reserved
0x0000000100000000-0x000000023fffffff usable
Early Page Allocator Reserve 0x0000000000009500-0x000000000000955f
Early Page Allocator Reserve 0x0000000000928029-0x0000000000928089
Early Page Allocator Reserve 0x0000000000928000-0x000000000092800f
Early Page Allocator Reserve 0x0000000000929000-0x00000000009290be
Early Page Allocator Reserve 0x0000000000928010-0x0000000000928028
Fdt located
Early Page Allocator Free 0x000000000092a000-0x000000003fffffff
Early Page Allocator Free 0x0000000040000000-0x00000000bffdffff
Early Page Allocator Free 0x0000000100000000-0x000000023fffffff
ACPI: RSDP 0xf6250 000014 (v00 BOCHS )
ACPI: RSDT 0xbffe17ed 000038 (v01 BOCHS  BXPCRSDT 00000001 BXPC 00000001)
ACPI: FACP 0xbffe0bda 000074 (v01 BOCHS  BXPCFACP 00000001 BXPC 00000001)
ACPI: DSDT 0xbffe0040 000B9A (v01 BOCHS  BXPCDSDT 00000001 BXPC 00000001)
ACPI: FACS 0xbffe0000 000040
ACPI: SSDT 0xbffe0c4e 0009F7 (v01 BOCHS  BXPCSSDT 00000001 BXPC 00000001)
ACPI: APIC 0xbffe1645 000080 (v01 BOCHS  BXPCAPIC 00000001 BXPC 00000001)
ACPI: HPET 0xbffe16c5 000038 (v01 BOCHS  BXPCHPET 00000001 BXPC 00000001)
ACPI: SRAT 0xbffe16fd 0000F0 (v01 BOCHS  BXPCSRAT 00000001 BXPC 00000001)
Local APIC: ACPI ID: 0 APIC ID: 0
Local APIC: ACPI ID: 1 APIC ID: 1
IO APIC: ID: 0
Interrupt Override: 0 -> 2
Interrupt Override: 5 -> 5
Interrupt Override: 9 -> 9
Interrupt Override: 10 -> 10
Interrupt Override: 11 -> 11
NMI on all processors: LINT1
SRAT CPU affinity: 0 -> 0
SRAT CPU affinity: 1 -> 1
SRAT Memory affinity: 000000000000000000-0x000000000009ffff -> 0
SRAT Memory affinity: 0x0000000000100000-0x00000000bfffffff -> 0
SRAT Memory affinity: 0x0000000100000000-0x000000013fffffff -> 0
SRAT Memory affinity: 0x0000000140000000-0x000000023fffffff -> 1
Early Page Allocator NUMA mapping 0x000000000092a000-0x000000003fff3fff -> 0
Early Page Allocator NUMA mapping 0x0000000040000000-0x00000000bffdffff -> 0
Early Page Allocator NUMA mapping 0x0000000100000000-0x000000013fffffff -> 0
Early Page Allocator NUMA mapping 0x0000000140000000-0x000000023fffffff -> 1
Allocated fffffffeff800000 - fffffffeffffffff
3d5c0000
Core 1 online
Allocated fffffffeff000000 - fffffffeff7fffff
PCI: 0:1:1 - BAR4 0x000000000000c040 - 0x000000000000c050
PCI: 0:2:0 - BAR0 0x00000000fd000000 - 0x00000000fe000000
PCI: 0:2:0 - BAR2 0x00000000febd0000 - 0x00000000febd1000
PCI: 0:3:0 - BAR0 0x000000000000c000 - 0x000000000000c040
PCI: 0:3:0 - BAR1 0x00000000febd1000 - 0x00000000febd2000
0:3:0
MSIX - 6 entries at BAR1:0
Allocated fffffffefefff000 - fffffffefeffffff
Device features: 79ffffe7
VRING: bffde000
Negotiated 2 queue pairs
VRING: 3d5c8000
VRING: 3d5cc000
VRING: 3d414000
VRING: 3d418000
Mac Address: 02:00:00:04:00:80
Dhcp Complete: 10.1.9.143
Allocated fffffffefe7ff000 - fffffffefeffefff
Allocating Global EbbIds from 20000 - 2ffff
a010901:55300
System initialization complete
Allocated fffffffefa000000 - fffffffefa7fffff
******************ReceiveMessage: Mon Mar 21 19:58:51 2016
 ***********
Received msg length: 64996297 bytes
Number chain elements: 1
Computed chain length: 64996297 bytes
get buffer compute chain data length time: 0.000022 seconds
deserialize time: 3.189414 seconds
compute time: 130.189517 seconds
ts length: 969547
Sending 969548 bytes
UNIMPLEMENTED: Free Large memory region
UNIMPLEMENTED: Free Large memory region
Node Allocator destructor! 
executing /opt/khpy/kh rmnet 9
Network 9 removed
starting reconstruction on 2016-03-21
PREV tbb_no_threads = -1
NEW tbb_no_threads = 16
Reconstructed volume name ... 3TStackReconstruction.nii.gz
Number of stacks ... 4
Reading stack ... data/masked_stack-1.nii.gz
Reading stack ... data/masked_stack-2.nii.gz
Reading stack ... data/masked_stack-3.nii.gz
Reading stack ... data/masked_stack-4.nii.gz
Slice thickness is 2.52778 2.53125 2.53165 2.53165 .
Constructing volume with isotropic voxel size 2
StackRegistrations start

reconstruction.CreateAverage

Number of slices: 248
Masking slices ... done.
_sigma_bias = 12
_global_bias_correction = false 
*************** packages.size() 0
######## WAITING FOR BM ############
NodeAllocator::Init() DefaultCpus=2 DefaultNumaNodes=2 DefaultRam=2
Node Allocator bound to 10.1.10.1:46357
EbbId: 65536
Fdt written to /tmp/69c2-f781-4655-1803
executing /opt/khpy/kh alloc --ram 8 --cpu 2 --numa 2 -g 10 /tmp/ebbrt-contrib/fetalReconstruction/source/bin/./../../ext/irtk-serialize/hosted/build/Release/bm/AppMain.elf32 /tmp/69c2-f781-4655-1803
128
gdb: 4018
02:00:00:04:00:80
tap: kh_128
/opt/khdb/Networks/10/128/stdout
/opt/khdb/Networks/10/128/stderr
/opt/khdb/Networks/10/128/finish
/opt/khdb/Networks/10/128/cmd

128
dir: /opt/khdb/Networks/10
10.1.10.143
all nodes initialized
_slices.size() 248
_transformations.size() 248
Before serialize
start = 0 end = 248
Sending to .. 10.1.10.143 size: 64996296
EbbRTReconstruction length of sent iobuf: 64996297 bytes
Saving context 
Received ip: 10.1.10.143
Parsing it back, received: 969548 bytes
Received back 
EbbRTReconstruction done 
checksum _reconstructed = 44669540.000000
total time: 157.433407 seconds
OUTPUT FROM NODES: 
EbbRT Copyright 2013-2015 Boston University SESA Developers
e820::map:
000000000000000000-0x000000000009fbff usable
0x000000000009fc00-0x000000000009ffff reserved
0x00000000000f0000-0x00000000000fffff reserved
0x0000000000100000-0x00000000bffdffff usable
0x00000000bffe0000-0x00000000bfffffff reserved
0x00000000feffc000-0x00000000feffffff reserved
0x00000000fffc0000-0x00000000ffffffff reserved
0x0000000100000000-0x000000023fffffff usable
Early Page Allocator Reserve 0x0000000000009500-0x000000000000955f
Early Page Allocator Reserve 0x0000000000928029-0x0000000000928089
Early Page Allocator Reserve 0x0000000000928000-0x000000000092800f
Early Page Allocator Reserve 0x0000000000929000-0x00000000009290be
Early Page Allocator Reserve 0x0000000000928010-0x0000000000928028
Fdt located
Early Page Allocator Free 0x000000000092a000-0x000000003fffffff
Early Page Allocator Free 0x0000000040000000-0x00000000bffdffff
Early Page Allocator Free 0x0000000100000000-0x000000023fffffff
ACPI: RSDP 0xf6250 000014 (v00 BOCHS )
ACPI: RSDT 0xbffe17ed 000038 (v01 BOCHS  BXPCRSDT 00000001 BXPC 00000001)
ACPI: FACP 0xbffe0bda 000074 (v01 BOCHS  BXPCFACP 00000001 BXPC 00000001)
ACPI: DSDT 0xbffe0040 000B9A (v01 BOCHS  BXPCDSDT 00000001 BXPC 00000001)
ACPI: FACS 0xbffe0000 000040
ACPI: SSDT 0xbffe0c4e 0009F7 (v01 BOCHS  BXPCSSDT 00000001 BXPC 00000001)
ACPI: APIC 0xbffe1645 000080 (v01 BOCHS  BXPCAPIC 00000001 BXPC 00000001)
ACPI: HPET 0xbffe16c5 000038 (v01 BOCHS  BXPCHPET 00000001 BXPC 00000001)
ACPI: SRAT 0xbffe16fd 0000F0 (v01 BOCHS  BXPCSRAT 00000001 BXPC 00000001)
Local APIC: ACPI ID: 0 APIC ID: 0
Local APIC: ACPI ID: 1 APIC ID: 1
IO APIC: ID: 0
Interrupt Override: 0 -> 2
Interrupt Override: 5 -> 5
Interrupt Override: 9 -> 9
Interrupt Override: 10 -> 10
Interrupt Override: 11 -> 11
NMI on all processors: LINT1
SRAT CPU affinity: 0 -> 0
SRAT CPU affinity: 1 -> 1
SRAT Memory affinity: 000000000000000000-0x000000000009ffff -> 0
SRAT Memory affinity: 0x0000000000100000-0x00000000bfffffff -> 0
SRAT Memory affinity: 0x0000000100000000-0x000000013fffffff -> 0
SRAT Memory affinity: 0x0000000140000000-0x000000023fffffff -> 1
Early Page Allocator NUMA mapping 0x000000000092a000-0x000000003fff3fff -> 0
Early Page Allocator NUMA mapping 0x0000000040000000-0x00000000bffdffff -> 0
Early Page Allocator NUMA mapping 0x0000000100000000-0x000000013fffffff -> 0
Early Page Allocator NUMA mapping 0x0000000140000000-0x000000023fffffff -> 1
Allocated fffffffeff800000 - fffffffeffffffff
3d5c0000
Core 1 online
Allocated fffffffeff000000 - fffffffeff7fffff
PCI: 0:1:1 - BAR4 0x000000000000c040 - 0x000000000000c050
PCI: 0:2:0 - BAR0 0x00000000fd000000 - 0x00000000fe000000
PCI: 0:2:0 - BAR2 0x00000000febd0000 - 0x00000000febd1000
PCI: 0:3:0 - BAR0 0x000000000000c000 - 0x000000000000c040
PCI: 0:3:0 - BAR1 0x00000000febd1000 - 0x00000000febd2000
0:3:0
MSIX - 6 entries at BAR1:0
Allocated fffffffefefff000 - fffffffefeffffff
Device features: 79ffffe7
VRING: bffde000
Negotiated 2 queue pairs
VRING: 3d5c8000
VRING: 3d5cc000
VRING: 3d414000
VRING: 3d418000
Mac Address: 02:00:00:04:00:80
Dhcp Complete: 10.1.10.143
Allocated fffffffefe7ff000 - fffffffefeffefff
Allocating Global EbbIds from 20000 - 2ffff
a010a01:42158
System initialization complete
Allocated fffffffefa000000 - fffffffefa7fffff
******************ReceiveMessage: Mon Mar 21 20:01:34 2016
 ***********
Received msg length: 64996297 bytes
Number chain elements: 1
Computed chain length: 64996297 bytes
get buffer compute chain data length time: 0.000020 seconds
deserialize time: 3.199518 seconds
compute time: 126.120001 seconds
ts length: 969547
Sending 969548 bytes
UNIMPLEMENTED: Free Large memory region
UNIMPLEMENTED: Free Large memory region
Node Allocator destructor! 
executing /opt/khpy/kh rmnet 10
Network 10 removed
starting reconstruction on 2016-03-21
PREV tbb_no_threads = -1
NEW tbb_no_threads = 16
Reconstructed volume name ... 3TStackReconstruction.nii.gz
Number of stacks ... 4
Reading stack ... data/masked_stack-1.nii.gz
Reading stack ... data/masked_stack-2.nii.gz
Reading stack ... data/masked_stack-3.nii.gz
Reading stack ... data/masked_stack-4.nii.gz
Slice thickness is 2.52778 2.53125 2.53165 2.53165 .
Constructing volume with isotropic voxel size 2
StackRegistrations start

reconstruction.CreateAverage

Number of slices: 248
Masking slices ... done.
_sigma_bias = 12
_global_bias_correction = false 
*************** packages.size() 0
######## WAITING FOR BM ############
NodeAllocator::Init() DefaultCpus=2 DefaultNumaNodes=2 DefaultRam=2
Node Allocator bound to 10.1.11.1:49681
EbbId: 65536
Fdt written to /tmp/bcbf-f6d0-a54f-ae54
executing /opt/khpy/kh alloc --ram 8 --cpu 2 --numa 2 -g 11 /tmp/ebbrt-contrib/fetalReconstruction/source/bin/./../../ext/irtk-serialize/hosted/build/Release/bm/AppMain.elf32 /tmp/bcbf-f6d0-a54f-ae54
128
gdb: 4018
02:00:00:04:00:80
tap: kh_128
/opt/khdb/Networks/11/128/stdout
/opt/khdb/Networks/11/128/stderr
/opt/khdb/Networks/11/128/finish
/opt/khdb/Networks/11/128/cmd

128
dir: /opt/khdb/Networks/11
10.1.11.143
all nodes initialized
_slices.size() 248
_transformations.size() 248
Before serialize
start = 0 end = 248
Sending to .. 10.1.11.143 size: 64996296
EbbRTReconstruction length of sent iobuf: 64996297 bytes
Saving context 
Received ip: 10.1.11.143
Parsing it back, received: 969548 bytes
Received back 
EbbRTReconstruction done 
checksum _reconstructed = 44669540.000000
total time: 153.814389 seconds
OUTPUT FROM NODES: 
EbbRT Copyright 2013-2015 Boston University SESA Developers
e820::map:
000000000000000000-0x000000000009fbff usable
0x000000000009fc00-0x000000000009ffff reserved
0x00000000000f0000-0x00000000000fffff reserved
0x0000000000100000-0x00000000bffdffff usable
0x00000000bffe0000-0x00000000bfffffff reserved
0x00000000feffc000-0x00000000feffffff reserved
0x00000000fffc0000-0x00000000ffffffff reserved
0x0000000100000000-0x000000023fffffff usable
Early Page Allocator Reserve 0x0000000000009500-0x000000000000955f
Early Page Allocator Reserve 0x0000000000928029-0x0000000000928089
Early Page Allocator Reserve 0x0000000000928000-0x000000000092800f
Early Page Allocator Reserve 0x0000000000929000-0x00000000009290be
Early Page Allocator Reserve 0x0000000000928010-0x0000000000928028
Fdt located
Early Page Allocator Free 0x000000000092a000-0x000000003fffffff
Early Page Allocator Free 0x0000000040000000-0x00000000bffdffff
Early Page Allocator Free 0x0000000100000000-0x000000023fffffff
ACPI: RSDP 0xf6250 000014 (v00 BOCHS )
ACPI: RSDT 0xbffe17ed 000038 (v01 BOCHS  BXPCRSDT 00000001 BXPC 00000001)
ACPI: FACP 0xbffe0bda 000074 (v01 BOCHS  BXPCFACP 00000001 BXPC 00000001)
ACPI: DSDT 0xbffe0040 000B9A (v01 BOCHS  BXPCDSDT 00000001 BXPC 00000001)
ACPI: FACS 0xbffe0000 000040
ACPI: SSDT 0xbffe0c4e 0009F7 (v01 BOCHS  BXPCSSDT 00000001 BXPC 00000001)
ACPI: APIC 0xbffe1645 000080 (v01 BOCHS  BXPCAPIC 00000001 BXPC 00000001)
ACPI: HPET 0xbffe16c5 000038 (v01 BOCHS  BXPCHPET 00000001 BXPC 00000001)
ACPI: SRAT 0xbffe16fd 0000F0 (v01 BOCHS  BXPCSRAT 00000001 BXPC 00000001)
Local APIC: ACPI ID: 0 APIC ID: 0
Local APIC: ACPI ID: 1 APIC ID: 1
IO APIC: ID: 0
Interrupt Override: 0 -> 2
Interrupt Override: 5 -> 5
Interrupt Override: 9 -> 9
Interrupt Override: 10 -> 10
Interrupt Override: 11 -> 11
NMI on all processors: LINT1
SRAT CPU affinity: 0 -> 0
SRAT CPU affinity: 1 -> 1
SRAT Memory affinity: 000000000000000000-0x000000000009ffff -> 0
SRAT Memory affinity: 0x0000000000100000-0x00000000bfffffff -> 0
SRAT Memory affinity: 0x0000000100000000-0x000000013fffffff -> 0
SRAT Memory affinity: 0x0000000140000000-0x000000023fffffff -> 1
Early Page Allocator NUMA mapping 0x000000000092a000-0x000000003fff3fff -> 0
Early Page Allocator NUMA mapping 0x0000000040000000-0x00000000bffdffff -> 0
Early Page Allocator NUMA mapping 0x0000000100000000-0x000000013fffffff -> 0
Early Page Allocator NUMA mapping 0x0000000140000000-0x000000023fffffff -> 1
Allocated fffffffeff800000 - fffffffeffffffff
3d5c0000
Core 1 online
Allocated fffffffeff000000 - fffffffeff7fffff
PCI: 0:1:1 - BAR4 0x000000000000c040 - 0x000000000000c050
PCI: 0:2:0 - BAR0 0x00000000fd000000 - 0x00000000fe000000
PCI: 0:2:0 - BAR2 0x00000000febd0000 - 0x00000000febd1000
PCI: 0:3:0 - BAR0 0x000000000000c000 - 0x000000000000c040
PCI: 0:3:0 - BAR1 0x00000000febd1000 - 0x00000000febd2000
0:3:0
MSIX - 6 entries at BAR1:0
Allocated fffffffefefff000 - fffffffefeffffff
Device features: 79ffffe7
VRING: bffde000
Negotiated 2 queue pairs
VRING: 3d5c8000
VRING: 3d5cc000
VRING: 3d414000
VRING: 3d418000
Mac Address: 02:00:00:04:00:80
Dhcp Complete: 10.1.11.143
Allocated fffffffefe7ff000 - fffffffefeffefff
Allocating Global EbbIds from 20000 - 2ffff
a010b01:57798
System initialization complete
Allocated fffffffefa000000 - fffffffefa7fffff
******************ReceiveMessage: Mon Mar 21 20:04:11 2016
 ***********
Received msg length: 64996297 bytes
Number chain elements: 1
Computed chain length: 64996297 bytes
get buffer compute chain data length time: 0.000026 seconds
deserialize time: 3.206081 seconds
compute time: 124.149897 seconds
ts length: 969547
Sending 969548 bytes
UNIMPLEMENTED: Free Large memory region
UNIMPLEMENTED: Free Large memory region
Node Allocator destructor! 
executing /opt/khpy/kh rmnet 11
Network 11 removed
starting reconstruction on 2016-03-21
PREV tbb_no_threads = -1
NEW tbb_no_threads = 16
Reconstructed volume name ... 3TStackReconstruction.nii.gz
Number of stacks ... 4
Reading stack ... data/masked_stack-1.nii.gz
Reading stack ... data/masked_stack-2.nii.gz
Reading stack ... data/masked_stack-3.nii.gz
Reading stack ... data/masked_stack-4.nii.gz
Slice thickness is 2.52778 2.53125 2.53165 2.53165 .
Constructing volume with isotropic voxel size 2
StackRegistrations start

reconstruction.CreateAverage

Number of slices: 248
Masking slices ... done.
_sigma_bias = 12
_global_bias_correction = false 
*************** packages.size() 0
######## WAITING FOR BM ############
NodeAllocator::Init() DefaultCpus=2 DefaultNumaNodes=2 DefaultRam=2
Node Allocator bound to 10.1.12.1:42710
EbbId: 65536
Fdt written to /tmp/93cd-16ad-1720-87d3
executing /opt/khpy/kh alloc --ram 8 --cpu 2 --numa 2 -g 12 /tmp/ebbrt-contrib/fetalReconstruction/source/bin/./../../ext/irtk-serialize/hosted/build/Release/bm/AppMain.elf32 /tmp/93cd-16ad-1720-87d3
128
gdb: 4018
02:00:00:04:00:80
tap: kh_128
/opt/khdb/Networks/12/128/stdout
/opt/khdb/Networks/12/128/stderr
/opt/khdb/Networks/12/128/finish
/opt/khdb/Networks/12/128/cmd

128
dir: /opt/khdb/Networks/12
10.1.12.143
all nodes initialized
_slices.size() 248
_transformations.size() 248
Before serialize
start = 0 end = 248
Sending to .. 10.1.12.143 size: 64996296
EbbRTReconstruction length of sent iobuf: 64996297 bytes
Saving context 
Received ip: 10.1.12.143
Parsing it back, received: 969548 bytes
Received back 
EbbRTReconstruction done 
checksum _reconstructed = 44669540.000000
total time: 182.517234 seconds
OUTPUT FROM NODES: 
EbbRT Copyright 2013-2015 Boston University SESA Developers
e820::map:
000000000000000000-0x000000000009fbff usable
0x000000000009fc00-0x000000000009ffff reserved
0x00000000000f0000-0x00000000000fffff reserved
0x0000000000100000-0x00000000bffdffff usable
0x00000000bffe0000-0x00000000bfffffff reserved
0x00000000feffc000-0x00000000feffffff reserved
0x00000000fffc0000-0x00000000ffffffff reserved
0x0000000100000000-0x000000023fffffff usable
Early Page Allocator Reserve 0x0000000000009500-0x000000000000955f
Early Page Allocator Reserve 0x0000000000928029-0x0000000000928089
Early Page Allocator Reserve 0x0000000000928000-0x000000000092800f
Early Page Allocator Reserve 0x0000000000929000-0x00000000009290be
Early Page Allocator Reserve 0x0000000000928010-0x0000000000928028
Fdt located
Early Page Allocator Free 0x000000000092a000-0x000000003fffffff
Early Page Allocator Free 0x0000000040000000-0x00000000bffdffff
Early Page Allocator Free 0x0000000100000000-0x000000023fffffff
ACPI: RSDP 0xf6250 000014 (v00 BOCHS )
ACPI: RSDT 0xbffe17ed 000038 (v01 BOCHS  BXPCRSDT 00000001 BXPC 00000001)
ACPI: FACP 0xbffe0bda 000074 (v01 BOCHS  BXPCFACP 00000001 BXPC 00000001)
ACPI: DSDT 0xbffe0040 000B9A (v01 BOCHS  BXPCDSDT 00000001 BXPC 00000001)
ACPI: FACS 0xbffe0000 000040
ACPI: SSDT 0xbffe0c4e 0009F7 (v01 BOCHS  BXPCSSDT 00000001 BXPC 00000001)
ACPI: APIC 0xbffe1645 000080 (v01 BOCHS  BXPCAPIC 00000001 BXPC 00000001)
ACPI: HPET 0xbffe16c5 000038 (v01 BOCHS  BXPCHPET 00000001 BXPC 00000001)
ACPI: SRAT 0xbffe16fd 0000F0 (v01 BOCHS  BXPCSRAT 00000001 BXPC 00000001)
Local APIC: ACPI ID: 0 APIC ID: 0
Local APIC: ACPI ID: 1 APIC ID: 1
IO APIC: ID: 0
Interrupt Override: 0 -> 2
Interrupt Override: 5 -> 5
Interrupt Override: 9 -> 9
Interrupt Override: 10 -> 10
Interrupt Override: 11 -> 11
NMI on all processors: LINT1
SRAT CPU affinity: 0 -> 0
SRAT CPU affinity: 1 -> 1
SRAT Memory affinity: 000000000000000000-0x000000000009ffff -> 0
SRAT Memory affinity: 0x0000000000100000-0x00000000bfffffff -> 0
SRAT Memory affinity: 0x0000000100000000-0x000000013fffffff -> 0
SRAT Memory affinity: 0x0000000140000000-0x000000023fffffff -> 1
Early Page Allocator NUMA mapping 0x000000000092a000-0x000000003fff3fff -> 0
Early Page Allocator NUMA mapping 0x0000000040000000-0x00000000bffdffff -> 0
Early Page Allocator NUMA mapping 0x0000000100000000-0x000000013fffffff -> 0
Early Page Allocator NUMA mapping 0x0000000140000000-0x000000023fffffff -> 1
Allocated fffffffeff800000 - fffffffeffffffff
3d5c0000
Core 1 online
Allocated fffffffeff000000 - fffffffeff7fffff
PCI: 0:1:1 - BAR4 0x000000000000c040 - 0x000000000000c050
PCI: 0:2:0 - BAR0 0x00000000fd000000 - 0x00000000fe000000
PCI: 0:2:0 - BAR2 0x00000000febd0000 - 0x00000000febd1000
PCI: 0:3:0 - BAR0 0x000000000000c000 - 0x000000000000c040
PCI: 0:3:0 - BAR1 0x00000000febd1000 - 0x00000000febd2000
0:3:0
MSIX - 6 entries at BAR1:0
Allocated fffffffefefff000 - fffffffefeffffff
Device features: 79ffffe7
VRING: bffde000
Negotiated 2 queue pairs
VRING: 3d5c8000
VRING: 3d5cc000
VRING: 3d414000
VRING: 3d418000
Mac Address: 02:00:00:04:00:80
Dhcp Complete: 10.1.12.143
Allocated fffffffefe7ff000 - fffffffefeffefff
Allocating Global EbbIds from 20000 - 2ffff
a010c01:35656
System initialization complete
Allocated fffffffefdfff000 - fffffffefe7fefff
Allocated fffffffefd7ff000 - fffffffefdffefff
******************ReceiveMessage: Mon Mar 21 20:06:45 2016
 ***********
Received msg length: 14576 bytes
Number chain elements: 4965
Computed chain length: 64996297 bytes
get buffer compute chain data length time: 0.069645 seconds
deserialize time: 3.633506 seconds
compute time: 153.138533 seconds
ts length: 969547
Sending 969548 bytes
UNIMPLEMENTED: Free Large memory region
Node Allocator destructor! 
executing /opt/khpy/kh rmnet 12
Network 12 removed
starting reconstruction on 2016-03-21
PREV tbb_no_threads = -1
NEW tbb_no_threads = 16
Reconstructed volume name ... 3TStackReconstruction.nii.gz
Number of stacks ... 4
Reading stack ... data/masked_stack-1.nii.gz
Reading stack ... data/masked_stack-2.nii.gz
Reading stack ... data/masked_stack-3.nii.gz
Reading stack ... data/masked_stack-4.nii.gz
Slice thickness is 2.52778 2.53125 2.53165 2.53165 .
Constructing volume with isotropic voxel size 2
StackRegistrations start

reconstruction.CreateAverage

Number of slices: 248
Masking slices ... done.
_sigma_bias = 12
_global_bias_correction = false 
*************** packages.size() 0
######## WAITING FOR BM ############
NodeAllocator::Init() DefaultCpus=2 DefaultNumaNodes=2 DefaultRam=2
Node Allocator bound to 10.1.13.1:58832
EbbId: 65536
Fdt written to /tmp/58f7-9d16-e00f-ed2d
executing /opt/khpy/kh alloc --ram 8 --cpu 2 --numa 2 -g 13 /tmp/ebbrt-contrib/fetalReconstruction/source/bin/./../../ext/irtk-serialize/hosted/build/Release/bm/AppMain.elf32 /tmp/58f7-9d16-e00f-ed2d
128
gdb: 4018
02:00:00:04:00:80
tap: kh_128
/opt/khdb/Networks/13/128/stdout
/opt/khdb/Networks/13/128/stderr
/opt/khdb/Networks/13/128/finish
/opt/khdb/Networks/13/128/cmd

128
dir: /opt/khdb/Networks/13
10.1.13.143
all nodes initialized
_slices.size() 248
_transformations.size() 248
Before serialize
start = 0 end = 248
Sending to .. 10.1.13.143 size: 64996296
EbbRTReconstruction length of sent iobuf: 64996297 bytes
Saving context 
Received ip: 10.1.13.143
Parsing it back, received: 969548 bytes
Received back 
EbbRTReconstruction done 
checksum _reconstructed = 44669540.000000
total time: 169.755856 seconds
OUTPUT FROM NODES: 
EbbRT Copyright 2013-2015 Boston University SESA Developers
e820::map:
000000000000000000-0x000000000009fbff usable
0x000000000009fc00-0x000000000009ffff reserved
0x00000000000f0000-0x00000000000fffff reserved
0x0000000000100000-0x00000000bffdffff usable
0x00000000bffe0000-0x00000000bfffffff reserved
0x00000000feffc000-0x00000000feffffff reserved
0x00000000fffc0000-0x00000000ffffffff reserved
0x0000000100000000-0x000000023fffffff usable
Early Page Allocator Reserve 0x0000000000009500-0x000000000000955f
Early Page Allocator Reserve 0x0000000000928029-0x0000000000928089
Early Page Allocator Reserve 0x0000000000928000-0x000000000092800f
Early Page Allocator Reserve 0x0000000000929000-0x00000000009290be
Early Page Allocator Reserve 0x0000000000928010-0x0000000000928028
Fdt located
Early Page Allocator Free 0x000000000092a000-0x000000003fffffff
Early Page Allocator Free 0x0000000040000000-0x00000000bffdffff
Early Page Allocator Free 0x0000000100000000-0x000000023fffffff
ACPI: RSDP 0xf6250 000014 (v00 BOCHS )
ACPI: RSDT 0xbffe17ed 000038 (v01 BOCHS  BXPCRSDT 00000001 BXPC 00000001)
ACPI: FACP 0xbffe0bda 000074 (v01 BOCHS  BXPCFACP 00000001 BXPC 00000001)
ACPI: DSDT 0xbffe0040 000B9A (v01 BOCHS  BXPCDSDT 00000001 BXPC 00000001)
ACPI: FACS 0xbffe0000 000040
ACPI: SSDT 0xbffe0c4e 0009F7 (v01 BOCHS  BXPCSSDT 00000001 BXPC 00000001)
ACPI: APIC 0xbffe1645 000080 (v01 BOCHS  BXPCAPIC 00000001 BXPC 00000001)
ACPI: HPET 0xbffe16c5 000038 (v01 BOCHS  BXPCHPET 00000001 BXPC 00000001)
ACPI: SRAT 0xbffe16fd 0000F0 (v01 BOCHS  BXPCSRAT 00000001 BXPC 00000001)
Local APIC: ACPI ID: 0 APIC ID: 0
Local APIC: ACPI ID: 1 APIC ID: 1
IO APIC: ID: 0
Interrupt Override: 0 -> 2
Interrupt Override: 5 -> 5
Interrupt Override: 9 -> 9
Interrupt Override: 10 -> 10
Interrupt Override: 11 -> 11
NMI on all processors: LINT1
SRAT CPU affinity: 0 -> 0
SRAT CPU affinity: 1 -> 1
SRAT Memory affinity: 000000000000000000-0x000000000009ffff -> 0
SRAT Memory affinity: 0x0000000000100000-0x00000000bfffffff -> 0
SRAT Memory affinity: 0x0000000100000000-0x000000013fffffff -> 0
SRAT Memory affinity: 0x0000000140000000-0x000000023fffffff -> 1
Early Page Allocator NUMA mapping 0x000000000092a000-0x000000003fff3fff -> 0
Early Page Allocator NUMA mapping 0x0000000040000000-0x00000000bffdffff -> 0
Early Page Allocator NUMA mapping 0x0000000100000000-0x000000013fffffff -> 0
Early Page Allocator NUMA mapping 0x0000000140000000-0x000000023fffffff -> 1
Allocated fffffffeff800000 - fffffffeffffffff
3d5c0000
Core 1 online
Allocated fffffffeff000000 - fffffffeff7fffff
PCI: 0:1:1 - BAR4 0x000000000000c040 - 0x000000000000c050
PCI: 0:2:0 - BAR0 0x00000000fd000000 - 0x00000000fe000000
PCI: 0:2:0 - BAR2 0x00000000febd0000 - 0x00000000febd1000
PCI: 0:3:0 - BAR0 0x000000000000c000 - 0x000000000000c040
PCI: 0:3:0 - BAR1 0x00000000febd1000 - 0x00000000febd2000
0:3:0
MSIX - 6 entries at BAR1:0
Allocated fffffffefefff000 - fffffffefeffffff
Device features: 79ffffe7
VRING: bffde000
Negotiated 2 queue pairs
VRING: 3d5c8000
VRING: 3d5cc000
VRING: 3d414000
VRING: 3d418000
Mac Address: 02:00:00:04:00:80
Dhcp Complete: 10.1.13.143
Allocated fffffffefe7ff000 - fffffffefeffefff
Allocating Global EbbIds from 20000 - 2ffff
a010d01:34216
System initialization complete
Allocated fffffffefdfff000 - fffffffefe7fefff
Allocated fffffffefd7ff000 - fffffffefdffefff
******************ReceiveMessage: Mon Mar 21 20:09:50 2016
 ***********
Received msg length: 14576 bytes
Number chain elements: 4939
Computed chain length: 64996297 bytes
get buffer compute chain data length time: 0.069715 seconds
deserialize time: 3.633483 seconds
compute time: 139.888914 seconds
ts length: 969547
Sending 969548 bytes
UNIMPLEMENTED: Free Large memory region
Node Allocator destructor! 
executing /opt/khpy/kh rmnet 13
Network 13 removed
starting reconstruction on 2016-03-21
PREV tbb_no_threads = -1
NEW tbb_no_threads = 16
Reconstructed volume name ... 3TStackReconstruction.nii.gz
Number of stacks ... 4
Reading stack ... data/masked_stack-1.nii.gz
Reading stack ... data/masked_stack-2.nii.gz
Reading stack ... data/masked_stack-3.nii.gz
Reading stack ... data/masked_stack-4.nii.gz
Slice thickness is 2.52778 2.53125 2.53165 2.53165 .
Constructing volume with isotropic voxel size 2
StackRegistrations start

reconstruction.CreateAverage

Number of slices: 248
Masking slices ... done.
_sigma_bias = 12
_global_bias_correction = false 
*************** packages.size() 0
######## WAITING FOR BM ############
NodeAllocator::Init() DefaultCpus=2 DefaultNumaNodes=2 DefaultRam=2
Node Allocator bound to 10.1.14.1:50884
EbbId: 65536
Fdt written to /tmp/58ac-fbce-9395-f9fa
executing /opt/khpy/kh alloc --ram 8 --cpu 2 --numa 2 -g 14 /tmp/ebbrt-contrib/fetalReconstruction/source/bin/./../../ext/irtk-serialize/hosted/build/Release/bm/AppMain.elf32 /tmp/58ac-fbce-9395-f9fa
128
gdb: 4018
02:00:00:04:00:80
tap: kh_128
/opt/khdb/Networks/14/128/stdout
/opt/khdb/Networks/14/128/stderr
/opt/khdb/Networks/14/128/finish
/opt/khdb/Networks/14/128/cmd

128
dir: /opt/khdb/Networks/14
10.1.14.143
all nodes initialized
_slices.size() 248
_transformations.size() 248
Before serialize
start = 0 end = 248
Sending to .. 10.1.14.143 size: 64996296
EbbRTReconstruction length of sent iobuf: 64996297 bytes
Saving context 
Received ip: 10.1.14.143
Parsing it back, received: 969548 bytes
Received back 
EbbRTReconstruction done 
checksum _reconstructed = 44669540.000000
total time: 154.688372 seconds
OUTPUT FROM NODES: 
EbbRT Copyright 2013-2015 Boston University SESA Developers
e820::map:
000000000000000000-0x000000000009fbff usable
0x000000000009fc00-0x000000000009ffff reserved
0x00000000000f0000-0x00000000000fffff reserved
0x0000000000100000-0x00000000bffdffff usable
0x00000000bffe0000-0x00000000bfffffff reserved
0x00000000feffc000-0x00000000feffffff reserved
0x00000000fffc0000-0x00000000ffffffff reserved
0x0000000100000000-0x000000023fffffff usable
Early Page Allocator Reserve 0x0000000000009500-0x000000000000955f
Early Page Allocator Reserve 0x0000000000928029-0x0000000000928089
Early Page Allocator Reserve 0x0000000000928000-0x000000000092800f
Early Page Allocator Reserve 0x0000000000929000-0x00000000009290be
Early Page Allocator Reserve 0x0000000000928010-0x0000000000928028
Fdt located
Early Page Allocator Free 0x000000000092a000-0x000000003fffffff
Early Page Allocator Free 0x0000000040000000-0x00000000bffdffff
Early Page Allocator Free 0x0000000100000000-0x000000023fffffff
ACPI: RSDP 0xf6250 000014 (v00 BOCHS )
ACPI: RSDT 0xbffe17ed 000038 (v01 BOCHS  BXPCRSDT 00000001 BXPC 00000001)
ACPI: FACP 0xbffe0bda 000074 (v01 BOCHS  BXPCFACP 00000001 BXPC 00000001)
ACPI: DSDT 0xbffe0040 000B9A (v01 BOCHS  BXPCDSDT 00000001 BXPC 00000001)
ACPI: FACS 0xbffe0000 000040
ACPI: SSDT 0xbffe0c4e 0009F7 (v01 BOCHS  BXPCSSDT 00000001 BXPC 00000001)
ACPI: APIC 0xbffe1645 000080 (v01 BOCHS  BXPCAPIC 00000001 BXPC 00000001)
ACPI: HPET 0xbffe16c5 000038 (v01 BOCHS  BXPCHPET 00000001 BXPC 00000001)
ACPI: SRAT 0xbffe16fd 0000F0 (v01 BOCHS  BXPCSRAT 00000001 BXPC 00000001)
Local APIC: ACPI ID: 0 APIC ID: 0
Local APIC: ACPI ID: 1 APIC ID: 1
IO APIC: ID: 0
Interrupt Override: 0 -> 2
Interrupt Override: 5 -> 5
Interrupt Override: 9 -> 9
Interrupt Override: 10 -> 10
Interrupt Override: 11 -> 11
NMI on all processors: LINT1
SRAT CPU affinity: 0 -> 0
SRAT CPU affinity: 1 -> 1
SRAT Memory affinity: 000000000000000000-0x000000000009ffff -> 0
SRAT Memory affinity: 0x0000000000100000-0x00000000bfffffff -> 0
SRAT Memory affinity: 0x0000000100000000-0x000000013fffffff -> 0
SRAT Memory affinity: 0x0000000140000000-0x000000023fffffff -> 1
Early Page Allocator NUMA mapping 0x000000000092a000-0x000000003fff3fff -> 0
Early Page Allocator NUMA mapping 0x0000000040000000-0x00000000bffdffff -> 0
Early Page Allocator NUMA mapping 0x0000000100000000-0x000000013fffffff -> 0
Early Page Allocator NUMA mapping 0x0000000140000000-0x000000023fffffff -> 1
Allocated fffffffeff800000 - fffffffeffffffff
3d5c0000
Core 1 online
Allocated fffffffeff000000 - fffffffeff7fffff
PCI: 0:1:1 - BAR4 0x000000000000c040 - 0x000000000000c050
PCI: 0:2:0 - BAR0 0x00000000fd000000 - 0x00000000fe000000
PCI: 0:2:0 - BAR2 0x00000000febd0000 - 0x00000000febd1000
PCI: 0:3:0 - BAR0 0x000000000000c000 - 0x000000000000c040
PCI: 0:3:0 - BAR1 0x00000000febd1000 - 0x00000000febd2000
0:3:0
MSIX - 6 entries at BAR1:0
Allocated fffffffefefff000 - fffffffefeffffff
Device features: 79ffffe7
VRING: bffde000
Negotiated 2 queue pairs
VRING: 3d5c8000
VRING: 3d5cc000
VRING: 3d414000
VRING: 3d418000
Mac Address: 02:00:00:04:00:80
Dhcp Complete: 10.1.14.143
Allocated fffffffefe7ff000 - fffffffefeffefff
Allocating Global EbbIds from 20000 - 2ffff
a010e01:37992
System initialization complete
Allocated fffffffefdfff000 - fffffffefe7fefff
******************ReceiveMessage: Mon Mar 21 20:12:42 2016
 ***********
Received msg length: 14576 bytes
Number chain elements: 4837
Computed chain length: 64996297 bytes
get buffer compute chain data length time: 0.069317 seconds
deserialize time: 3.179790 seconds
compute time: 123.773804 seconds
ts length: 969547
Sending 969548 bytes
UNIMPLEMENTED: Free Large memory region
Node Allocator destructor! 
executing /opt/khpy/kh rmnet 14
Network 14 removed
starting reconstruction on 2016-03-21
PREV tbb_no_threads = -1
NEW tbb_no_threads = 16
Reconstructed volume name ... 3TStackReconstruction.nii.gz
Number of stacks ... 4
Reading stack ... data/masked_stack-1.nii.gz
Reading stack ... data/masked_stack-2.nii.gz
Reading stack ... data/masked_stack-3.nii.gz
Reading stack ... data/masked_stack-4.nii.gz
Slice thickness is 2.52778 2.53125 2.53165 2.53165 .
Constructing volume with isotropic voxel size 2
StackRegistrations start

reconstruction.CreateAverage

Number of slices: 248
Masking slices ... done.
_sigma_bias = 12
_global_bias_correction = false 
*************** packages.size() 0
######## WAITING FOR BM ############
NodeAllocator::Init() DefaultCpus=2 DefaultNumaNodes=2 DefaultRam=2
Node Allocator bound to 10.1.15.1:49139
EbbId: 65536
Fdt written to /tmp/31b0-4762-593a-7b70
executing /opt/khpy/kh alloc --ram 8 --cpu 2 --numa 2 -g 15 /tmp/ebbrt-contrib/fetalReconstruction/source/bin/./../../ext/irtk-serialize/hosted/build/Release/bm/AppMain.elf32 /tmp/31b0-4762-593a-7b70
128
gdb: 4018
02:00:00:04:00:80
tap: kh_128
/opt/khdb/Networks/15/128/stdout
/opt/khdb/Networks/15/128/stderr
/opt/khdb/Networks/15/128/finish
/opt/khdb/Networks/15/128/cmd

128
dir: /opt/khdb/Networks/15
10.1.15.143
all nodes initialized
_slices.size() 248
_transformations.size() 248
Before serialize
start = 0 end = 248
Sending to .. 10.1.15.143 size: 64996296
EbbRTReconstruction length of sent iobuf: 64996297 bytes
Saving context 
Received ip: 10.1.15.143
Parsing it back, received: 969548 bytes
Received back 
EbbRTReconstruction done 
checksum _reconstructed = 44669540.000000
total time: 174.699764 seconds
OUTPUT FROM NODES: 
EbbRT Copyright 2013-2015 Boston University SESA Developers
e820::map:
000000000000000000-0x000000000009fbff usable
0x000000000009fc00-0x000000000009ffff reserved
0x00000000000f0000-0x00000000000fffff reserved
0x0000000000100000-0x00000000bffdffff usable
0x00000000bffe0000-0x00000000bfffffff reserved
0x00000000feffc000-0x00000000feffffff reserved
0x00000000fffc0000-0x00000000ffffffff reserved
0x0000000100000000-0x000000023fffffff usable
Early Page Allocator Reserve 0x0000000000009500-0x000000000000955f
Early Page Allocator Reserve 0x0000000000928029-0x0000000000928089
Early Page Allocator Reserve 0x0000000000928000-0x000000000092800f
Early Page Allocator Reserve 0x0000000000929000-0x00000000009290be
Early Page Allocator Reserve 0x0000000000928010-0x0000000000928028
Fdt located
Early Page Allocator Free 0x000000000092a000-0x000000003fffffff
Early Page Allocator Free 0x0000000040000000-0x00000000bffdffff
Early Page Allocator Free 0x0000000100000000-0x000000023fffffff
ACPI: RSDP 0xf6250 000014 (v00 BOCHS )
ACPI: RSDT 0xbffe17ed 000038 (v01 BOCHS  BXPCRSDT 00000001 BXPC 00000001)
ACPI: FACP 0xbffe0bda 000074 (v01 BOCHS  BXPCFACP 00000001 BXPC 00000001)
ACPI: DSDT 0xbffe0040 000B9A (v01 BOCHS  BXPCDSDT 00000001 BXPC 00000001)
ACPI: FACS 0xbffe0000 000040
ACPI: SSDT 0xbffe0c4e 0009F7 (v01 BOCHS  BXPCSSDT 00000001 BXPC 00000001)
ACPI: APIC 0xbffe1645 000080 (v01 BOCHS  BXPCAPIC 00000001 BXPC 00000001)
ACPI: HPET 0xbffe16c5 000038 (v01 BOCHS  BXPCHPET 00000001 BXPC 00000001)
ACPI: SRAT 0xbffe16fd 0000F0 (v01 BOCHS  BXPCSRAT 00000001 BXPC 00000001)
Local APIC: ACPI ID: 0 APIC ID: 0
Local APIC: ACPI ID: 1 APIC ID: 1
IO APIC: ID: 0
Interrupt Override: 0 -> 2
Interrupt Override: 5 -> 5
Interrupt Override: 9 -> 9
Interrupt Override: 10 -> 10
Interrupt Override: 11 -> 11
NMI on all processors: LINT1
SRAT CPU affinity: 0 -> 0
SRAT CPU affinity: 1 -> 1
SRAT Memory affinity: 000000000000000000-0x000000000009ffff -> 0
SRAT Memory affinity: 0x0000000000100000-0x00000000bfffffff -> 0
SRAT Memory affinity: 0x0000000100000000-0x000000013fffffff -> 0
SRAT Memory affinity: 0x0000000140000000-0x000000023fffffff -> 1
Early Page Allocator NUMA mapping 0x000000000092a000-0x000000003fff3fff -> 0
Early Page Allocator NUMA mapping 0x0000000040000000-0x00000000bffdffff -> 0
Early Page Allocator NUMA mapping 0x0000000100000000-0x000000013fffffff -> 0
Early Page Allocator NUMA mapping 0x0000000140000000-0x000000023fffffff -> 1
Allocated fffffffeff800000 - fffffffeffffffff
3d5c0000
Core 1 online
Allocated fffffffeff000000 - fffffffeff7fffff
PCI: 0:1:1 - BAR4 0x000000000000c040 - 0x000000000000c050
PCI: 0:2:0 - BAR0 0x00000000fd000000 - 0x00000000fe000000
PCI: 0:2:0 - BAR2 0x00000000febd0000 - 0x00000000febd1000
PCI: 0:3:0 - BAR0 0x000000000000c000 - 0x000000000000c040
PCI: 0:3:0 - BAR1 0x00000000febd1000 - 0x00000000febd2000
0:3:0
MSIX - 6 entries at BAR1:0
Allocated fffffffefefff000 - fffffffefeffffff
Device features: 79ffffe7
VRING: bffde000
Negotiated 2 queue pairs
VRING: 3d5c8000
VRING: 3d5cc000
VRING: 3d414000
VRING: 3d418000
Mac Address: 02:00:00:04:00:80
Dhcp Complete: 10.1.15.143
Allocated fffffffefe7ff000 - fffffffefeffefff
Allocating Global EbbIds from 20000 - 2ffff
a010f01:49408
System initialization complete
Allocated fffffffefa000000 - fffffffefa7fffff
Allocated fffffffef9800000 - fffffffef9ffffff
******************ReceiveMessage: Mon Mar 21 20:15:14 2016
 ***********
Received msg length: 64996297 bytes
Number chain elements: 1
Computed chain length: 64996297 bytes
get buffer compute chain data length time: 0.000022 seconds
deserialize time: 3.642214 seconds
compute time: 146.785981 seconds
ts length: 969547
Sending 969548 bytes
UNIMPLEMENTED: Free Large memory region
UNIMPLEMENTED: Free Large memory region
Node Allocator destructor! 
executing /opt/khpy/kh rmnet 15
Network 15 removed
