handong@kd-sesa:~/github/ebbrt-contrib/fetalReconstruction/source/bin$ ./runStack.sh 
starting reconstruction on 2016-03-02
PREV tbb_no_threads = -1
NEW tbb_no_threads = 16
Reconstructed volume name ... 3TStackReconstruction.nii.gz
Number of stacks ... 4
Reading stack ... data/masked_stack-1.nii.gz
Reading stack ... data/masked_stack-2.nii.gz
Reading stack ... data/masked_stack-3.nii.gz
Reading stack ... data/masked_stack-4.nii.gz
Slice thickness is 2.52778 2.53125 2.53165 2.53165 .
Constructing volume with isotropic voxel size 2
StackRegistrations start

reconstruction.CreateAverage

Number of slices: 248
Masking slices ... done.
_sigma_bias = 12
_global_bias_correction = false 
*************** packages.size() 0
_delta = 150 _lambda = 225 _alpha = 1

compute time: 49.092051 seconds
checksum _reconstructed = 44370216.000000


handong@kd-sesa:~/github/ebbrt-contrib/fetalReconstruction/source/bin$ ./runStack.sh 
starting reconstruction on 2016-03-02
PREV tbb_no_threads = -1
NEW tbb_no_threads = 16
Reconstructed volume name ... 3TStackReconstruction.nii.gz
Number of stacks ... 4
Reading stack ... data/masked_stack-1.nii.gz
Reading stack ... data/masked_stack-2.nii.gz
Reading stack ... data/masked_stack-3.nii.gz
Reading stack ... data/masked_stack-4.nii.gz
Slice thickness is 2.52778 2.53125 2.53165 2.53165 .
Constructing volume with isotropic voxel size 2
StackRegistrations start

reconstruction.CreateAverage

Number of slices: 248
Masking slices ... done.
_sigma_bias = 12
_global_bias_correction = false 
*************** packages.size() 0
_delta = 150 _lambda = 1800 _alpha = 0.625
_delta = 150 _lambda = 900 _alpha = 1
_delta = 150 _lambda = 450 _alpha = 1
_delta = 150 _lambda = 225 _alpha = 1

compute time: 181.963322 seconds
checksum _reconstructed = 44669540.000000
